make --dry-run --always-make --keep-going --print-directory
make: Entering directory '/home/verdemar/Documenti/uni/SOL/newFileStorage'
gcc -std=c99 -O3 -g  -Wall -pthread -D_POSIX_C_SOURCE=200112L  -fPIC -I ./server -I ./client -I ./utils -c -o server/fifo_cache.o server/fifo_cache.c
gcc -std=c99 -O3 -g  -Wall -pthread -D_POSIX_C_SOURCE=200112L  -fPIC -I ./server -I ./client -I ./utils -c -o server/fifo_wait.o server/fifo_wait.c
 
gcc -std=c99 -O3 -g  -Wall -pthread -D_POSIX_C_SOURCE=200112L  -fPIC -I ./server -I ./client -I ./utils -c -o server/fifo_req.o server/fifo_req.c
gcc -std=c99 -O3 -g  -Wall -pthread -D_POSIX_C_SOURCE=200112L  -fPIC -I ./server -I ./client -I ./utils -c -o server/queue.o server/queue.c
gcc -std=c99 -O3 -g  -Wall -pthread -D_POSIX_C_SOURCE=200112L  -fPIC -I ./server -I ./client -I ./utils -c -o server/hash.o server/hash.c
gcc -std=c99 -O3 -g  -Wall -pthread -D_POSIX_C_SOURCE=200112L  -fPIC -I ./server -I ./client -I ./utils -c -o server/threadpool.o server/threadpool.c
gcc -std=c99 -O3 -g  -Wall -pthread -D_POSIX_C_SOURCE=200112L  -fPIC -I ./server -I ./client -I ./utils -c -o server/gestore_segnali.o server/gestore_segnali.c
gcc -std=c99 -O3 -g  -Wall -pthread -D_POSIX_C_SOURCE=200112L  -fPIC -I ./server -I ./client -I ./utils -c -o utils/utils.o utils/utils.c
gcc -std=c99 -O3 -g  -Wall -pthread -D_POSIX_C_SOURCE=200112L  -fPIC -I ./server -I ./client -I ./utils -c -o utils/socketIO.o utils/socketIO.c
gcc -std=c99 -O3 -g  -Wall -pthread -D_POSIX_C_SOURCE=200112L  -fPIC -I ./server -I ./utils -shared -o server/libserver.so server/fifo_cache.o server/fifo_wait.o server/fifo_req.o server/queue.o server/hash.o server/threadpool.o server/gestore_segnali.o utils/utils.o utils/socketIO.o
gcc -std=c99 -O3 -g  -Wall -pthread -D_POSIX_C_SOURCE=200112L  -fPIC -I ./server -I ./utils -o smain server/server_main.c server/libserver.so
gcc -std=c99 -O3 -g  -Wall -pthread -D_POSIX_C_SOURCE=200112L  -fPIC -I ./server -I ./client -I ./utils -c -o client/dispatcher.o client/dispatcher.c
gcc -std=c99 -O3 -g  -Wall -pthread -D_POSIX_C_SOURCE=200112L  -fPIC -I ./client -I ./utils -shared -o client/libcaller.so client/dispatcher.o
gcc -std=c99 -O3 -g  -Wall -pthread -D_POSIX_C_SOURCE=200112L  -fPIC -I ./server -I ./client -I ./utils -c -o client/worker.o client/worker.c
gcc -std=c99 -O3 -g  -Wall -pthread -D_POSIX_C_SOURCE=200112L  -fPIC -I ./server -I ./client -I ./utils -c -o utils/client_utils.o utils/client_utils.c
gcc -std=c99 -O3 -g  -Wall -pthread -D_POSIX_C_SOURCE=200112L  -fPIC -I ./client -I ./utils -shared -o client/libclient.so client/worker.o utils/utils.o utils/socketIO.o utils/client_utils.o
gcc -std=c99 -O3 -g  -Wall -pthread -D_POSIX_C_SOURCE=200112L  -fPIC -I ./client -I ./utils -o cl client/main.c client/libcaller.so client/libclient.so
make: Leaving directory '/home/verdemar/Documenti/uni/SOL/newFileStorage'
 
